<?xml version="1.0" encoding="UTF-8"?>
<!-- Generated by org.testng.reporters.JUnitReportReporter -->
<testsuite hostname="LAPTOP-VN0QN8C9" failures="0" tests="1" name="Testcase2" time="0.001" errors="0" timestamp="2021-11-22T18:15:02 IST" skipped="0">
  <testcase classname="Testcase2" name="tc2" time="0.001"/>
  <system-out>
    <![CDATA[manual testing]]>
  </system-out>
</testsuite> <!-- Testcase2 -->
