<?xml version="1.0" encoding="UTF-8"?>
<!-- Generated by org.testng.reporters.JUnitReportReporter -->
<testsuite hostname="LAPTOP-VN0QN8C9" failures="0" tests="1" name="Testcase1" time="0.006" errors="0" timestamp="2021-11-22T18:21:58 IST" skipped="0">
  <testcase classname="Testcase1" name="tc1" time="0.006"/>
  <system-out>
    <![CDATA[selenium]]>
  </system-out>
</testsuite> <!-- Testcase1 -->
