<?xml version="1.0" encoding="UTF-8"?>
<!-- Generated by org.testng.reporters.JUnitReportReporter -->
<testsuite hostname="LAPTOP-VN0QN8C9" failures="0" tests="1" name="Testcase3" time="0.005" errors="0" timestamp="2021-11-22T18:15:59 IST" skipped="0">
  <testcase classname="Testcase3" name="tc3" time="0.005"/>
  <system-out>
    <![CDATA[java]]>
  </system-out>
</testsuite> <!-- Testcase3 -->
