<?xml version="1.0" encoding="UTF-8"?>
<!-- Generated by org.testng.reporters.JUnitReportReporter -->
<testsuite hostname="LAPTOP-VN0QN8C9" failures="0" tests="1" name="TestScripts.Testcase1" time="0.005" errors="0" timestamp="2021-11-22T18:35:24 IST" skipped="0">
  <testcase classname="TestScripts.Testcase1" name="tc1" time="0.005"/>
  <system-out>
    <![CDATA[selenium]]>
  </system-out>
</testsuite> <!-- TestScripts.Testcase1 -->
